<?xml version="1.0" encoding="UTF-8"?>
<!-- Generated by org.testng.reporters.JUnitXMLReporter -->
<testsuite ignored="0" hostname="LP004038" failures="0" tests="4" name="PetsTest" time="2.949" errors="0" timestamp="2023-04-17T21:19:40 CDT">
  <testcase classname="api.test.UserTests2" name="testPostUser" time="1.791"/>
  <testcase classname="api.test.UserTests2" name="testGetUser" time="0.231"/>
  <testcase classname="api.test.UserTests2" name="testUpdateUser" time="0.489"/>
  <testcase classname="api.test.UserTests2" name="testDeleteUser" time="0.242"/>
</testsuite> <!-- PetsTest -->
