<?xml version="1.0" encoding="UTF-8"?>
<!-- Generated by org.testng.reporters.JUnitXMLReporter -->
<testsuite ignored="0" hostname="LP004038" failures="0" tests="6" name="Default test" time="3.5" errors="0" timestamp="2023-04-17T21:09:35 CDT">
  <testcase classname="api.test.DataDrivenTests" name="testPostUser" time="1.518"/>
  <testcase classname="api.test.DataDrivenTests" name="testPostUser" time="0.197"/>
  <testcase classname="api.test.DataDrivenTests" name="testPostUser" time="0.18"/>
  <testcase classname="api.test.DataDrivenTests" name="testDeleteUserByUserName" time="0.213"/>
  <testcase classname="api.test.DataDrivenTests" name="testDeleteUserByUserName" time="0.201"/>
  <testcase classname="api.test.DataDrivenTests" name="testDeleteUserByUserName" time="0.191"/>
</testsuite> <!-- Default test -->
