<?xml version="1.0" encoding="UTF-8"?>
<testng-results ignored="0" total="14" passed="14" failed="0" skipped="0">
  <reporter-output>
  </reporter-output>
  <suite started-at="2023-04-18T13:49:35 CDT" name="PetsSuite" finished-at="2023-04-18T13:49:42 CDT" duration-ms="7140">
    <groups>
    </groups>
    <test started-at="2023-04-18T13:49:35 CDT" name="PetsTest" finished-at="2023-04-18T13:49:42 CDT" duration-ms="7140">
      <class name="api.test.DataDrivenTests">
        <test-method signature="testPostUser(java.lang.String,java.lang.String,java.lang.String,java.lang.String,java.lang.String,java.lang.String,java.lang.String)[pri:1, instance:api.test.DataDrivenTests@57ac5227]" started-at="2023-04-18T13:49:36 CDT" name="testPostUser" data-provider="Data" finished-at="2023-04-18T13:49:38 CDT" duration-ms="1853" status="PASS">
          <params>
            <param index="0">
              <value>
                <![CDATA[1010]]>
              </value>
            </param>
            <param index="1">
              <value>
                <![CDATA[testUser1]]>
              </value>
            </param>
            <param index="2">
              <value>
                <![CDATA[satya]]>
              </value>
            </param>
            <param index="3">
              <value>
                <![CDATA[nandu]]>
              </value>
            </param>
            <param index="4">
              <value>
                <![CDATA[satya.nandu@gmail.com]]>
              </value>
            </param>
            <param index="5">
              <value>
                <![CDATA[test@1]]>
              </value>
            </param>
            <param index="6">
              <value>
                <![CDATA[1234567890]]>
              </value>
            </param>
          </params>
          <reporter-output>
          </reporter-output>
        </test-method> <!-- testPostUser -->
        <test-method signature="testPostUser(java.lang.String,java.lang.String,java.lang.String,java.lang.String,java.lang.String,java.lang.String,java.lang.String)[pri:1, instance:api.test.DataDrivenTests@57ac5227]" started-at="2023-04-18T13:49:38 CDT" name="testPostUser" data-provider="Data" finished-at="2023-04-18T13:49:38 CDT" duration-ms="207" status="PASS">
          <params>
            <param index="0">
              <value>
                <![CDATA[1020]]>
              </value>
            </param>
            <param index="1">
              <value>
                <![CDATA[testUser2]]>
              </value>
            </param>
            <param index="2">
              <value>
                <![CDATA[manu]]>
              </value>
            </param>
            <param index="3">
              <value>
                <![CDATA[reddy]]>
              </value>
            </param>
            <param index="4">
              <value>
                <![CDATA[manu.reddy@gmail.com]]>
              </value>
            </param>
            <param index="5">
              <value>
                <![CDATA[test@2]]>
              </value>
            </param>
            <param index="6">
              <value>
                <![CDATA[2345678901]]>
              </value>
            </param>
          </params>
          <reporter-output>
          </reporter-output>
        </test-method> <!-- testPostUser -->
        <test-method signature="testPostUser(java.lang.String,java.lang.String,java.lang.String,java.lang.String,java.lang.String,java.lang.String,java.lang.String)[pri:1, instance:api.test.DataDrivenTests@57ac5227]" started-at="2023-04-18T13:49:38 CDT" name="testPostUser" data-provider="Data" finished-at="2023-04-18T13:49:39 CDT" duration-ms="240" status="PASS">
          <params>
            <param index="0">
              <value>
                <![CDATA[1030]]>
              </value>
            </param>
            <param index="1">
              <value>
                <![CDATA[testUser3]]>
              </value>
            </param>
            <param index="2">
              <value>
                <![CDATA[chinnu]]>
              </value>
            </param>
            <param index="3">
              <value>
                <![CDATA[chinni]]>
              </value>
            </param>
            <param index="4">
              <value>
                <![CDATA[hinnu.chinni@gmail.com]]>
              </value>
            </param>
            <param index="5">
              <value>
                <![CDATA[test@3]]>
              </value>
            </param>
            <param index="6">
              <value>
                <![CDATA[3456789012]]>
              </value>
            </param>
          </params>
          <reporter-output>
          </reporter-output>
        </test-method> <!-- testPostUser -->
        <test-method signature="testDeleteUserByUserName(java.lang.String)[pri:2, instance:api.test.DataDrivenTests@57ac5227]" started-at="2023-04-18T13:49:39 CDT" name="testDeleteUserByUserName" data-provider="UserNames" finished-at="2023-04-18T13:49:39 CDT" duration-ms="271" status="PASS">
          <params>
            <param index="0">
              <value>
                <![CDATA[testUser1]]>
              </value>
            </param>
          </params>
          <reporter-output>
          </reporter-output>
        </test-method> <!-- testDeleteUserByUserName -->
        <test-method signature="testDeleteUserByUserName(java.lang.String)[pri:2, instance:api.test.DataDrivenTests@57ac5227]" started-at="2023-04-18T13:49:39 CDT" name="testDeleteUserByUserName" data-provider="UserNames" finished-at="2023-04-18T13:49:39 CDT" duration-ms="239" status="PASS">
          <params>
            <param index="0">
              <value>
                <![CDATA[testUser2]]>
              </value>
            </param>
          </params>
          <reporter-output>
          </reporter-output>
        </test-method> <!-- testDeleteUserByUserName -->
        <test-method signature="testDeleteUserByUserName(java.lang.String)[pri:2, instance:api.test.DataDrivenTests@57ac5227]" started-at="2023-04-18T13:49:39 CDT" name="testDeleteUserByUserName" data-provider="UserNames" finished-at="2023-04-18T13:49:39 CDT" duration-ms="202" status="PASS">
          <params>
            <param index="0">
              <value>
                <![CDATA[testUser3]]>
              </value>
            </param>
          </params>
          <reporter-output>
          </reporter-output>
        </test-method> <!-- testDeleteUserByUserName -->
      </class> <!-- api.test.DataDrivenTests -->
      <class name="api.test.UserTests2">
        <test-method is-config="true" signature="setUpData()[pri:0, instance:api.test.UserTests2@6da00fb9]" started-at="2023-04-18T13:49:41 CDT" name="setUpData" finished-at="2023-04-18T13:49:41 CDT" duration-ms="80" status="PASS">
          <reporter-output>
          </reporter-output>
        </test-method> <!-- setUpData -->
        <test-method signature="testPostUser(org.testng.ITestContext)[pri:1, instance:api.test.UserTests2@6da00fb9]" started-at="2023-04-18T13:49:41 CDT" name="testPostUser" finished-at="2023-04-18T13:49:41 CDT" duration-ms="248" status="PASS">
          <params>
            <param index="0">
              <value>
                <![CDATA[org.testng.TestRunner@531b1778]]>
              </value>
            </param>
          </params>
          <reporter-output>
          </reporter-output>
        </test-method> <!-- testPostUser -->
        <test-method signature="testGetUser()[pri:2, instance:api.test.UserTests2@6da00fb9]" started-at="2023-04-18T13:49:41 CDT" name="testGetUser" finished-at="2023-04-18T13:49:41 CDT" duration-ms="213" status="PASS">
          <reporter-output>
          </reporter-output>
        </test-method> <!-- testGetUser -->
        <test-method signature="testUpdateUser()[pri:3, instance:api.test.UserTests2@6da00fb9]" started-at="2023-04-18T13:49:41 CDT" name="testUpdateUser" finished-at="2023-04-18T13:49:42 CDT" duration-ms="440" status="PASS">
          <reporter-output>
          </reporter-output>
        </test-method> <!-- testUpdateUser -->
        <test-method signature="testDeleteUser()[pri:4, instance:api.test.UserTests2@6da00fb9]" started-at="2023-04-18T13:49:42 CDT" name="testDeleteUser" finished-at="2023-04-18T13:49:42 CDT" duration-ms="243" status="PASS">
          <reporter-output>
          </reporter-output>
        </test-method> <!-- testDeleteUser -->
      </class> <!-- api.test.UserTests2 -->
      <class name="api.test.UserTests">
        <test-method is-config="true" signature="setUpData()[pri:0, instance:api.test.UserTests@39ad977d]" started-at="2023-04-18T13:49:39 CDT" name="setUpData" finished-at="2023-04-18T13:49:40 CDT" duration-ms="364" status="PASS">
          <reporter-output>
          </reporter-output>
        </test-method> <!-- setUpData -->
        <test-method signature="testPostUser(org.testng.ITestContext)[pri:1, instance:api.test.UserTests@39ad977d]" started-at="2023-04-18T13:49:40 CDT" name="testPostUser" finished-at="2023-04-18T13:49:40 CDT" duration-ms="322" status="PASS">
          <params>
            <param index="0">
              <value>
                <![CDATA[org.testng.TestRunner@531b1778]]>
              </value>
            </param>
          </params>
          <reporter-output>
          </reporter-output>
        </test-method> <!-- testPostUser -->
        <test-method signature="testGetUser()[pri:2, instance:api.test.UserTests@39ad977d]" started-at="2023-04-18T13:49:40 CDT" name="testGetUser" finished-at="2023-04-18T13:49:40 CDT" duration-ms="220" status="PASS">
          <reporter-output>
          </reporter-output>
        </test-method> <!-- testGetUser -->
        <test-method signature="testUpdateUser()[pri:3, instance:api.test.UserTests@39ad977d]" started-at="2023-04-18T13:49:40 CDT" name="testUpdateUser" finished-at="2023-04-18T13:49:41 CDT" duration-ms="441" status="PASS">
          <reporter-output>
          </reporter-output>
        </test-method> <!-- testUpdateUser -->
        <test-method signature="testDeleteUser()[pri:4, instance:api.test.UserTests@39ad977d]" started-at="2023-04-18T13:49:41 CDT" name="testDeleteUser" finished-at="2023-04-18T13:49:41 CDT" duration-ms="217" status="PASS">
          <reporter-output>
          </reporter-output>
        </test-method> <!-- testDeleteUser -->
      </class> <!-- api.test.UserTests -->
    </test> <!-- PetsTest -->
  </suite> <!-- PetsSuite -->
</testng-results>
