<?xml version="1.0" encoding="UTF-8"?>
<!-- Generated by org.testng.reporters.JUnitXMLReporter -->
<testsuite ignored="0" hostname="LP004038" failures="0" tests="14" name="PetsTest" time="7.14" errors="0" timestamp="2023-04-18T13:49:43 CDT">
  <testcase classname="api.test.DataDrivenTests" name="testPostUser" time="1.853"/>
  <testcase classname="api.test.DataDrivenTests" name="testPostUser" time="0.207"/>
  <testcase classname="api.test.DataDrivenTests" name="testPostUser" time="0.24"/>
  <testcase classname="api.test.DataDrivenTests" name="testDeleteUserByUserName" time="0.271"/>
  <testcase classname="api.test.DataDrivenTests" name="testDeleteUserByUserName" time="0.239"/>
  <testcase classname="api.test.DataDrivenTests" name="testDeleteUserByUserName" time="0.202"/>
  <testcase classname="api.test.UserTests" name="testPostUser" time="0.322"/>
  <testcase classname="api.test.UserTests" name="testGetUser" time="0.22"/>
  <testcase classname="api.test.UserTests" name="testUpdateUser" time="0.441"/>
  <testcase classname="api.test.UserTests" name="testDeleteUser" time="0.217"/>
  <testcase classname="api.test.UserTests2" name="testPostUser" time="0.248"/>
  <testcase classname="api.test.UserTests2" name="testGetUser" time="0.213"/>
  <testcase classname="api.test.UserTests2" name="testUpdateUser" time="0.44"/>
  <testcase classname="api.test.UserTests2" name="testDeleteUser" time="0.243"/>
</testsuite> <!-- PetsTest -->
